[[[自动注册扩展缓存完成]]]
[2021/11/09 17:48:25.1375]
[线程：1]
注册总用时：4.2248ms
自动扫描程序集：0个
扩展缓存：

[[[自动注册扩展缓存完成]]]
[2021/11/09 17:51:52.5329]
[线程：1]
注册总用时：2.2384ms
自动扫描程序集：0个
扩展缓存：

[[[自动注册扩展缓存完成]]]
[2021/11/09 17:52:04.6784]
[线程：1]
注册总用时：3.3895ms
自动扫描程序集：0个
扩展缓存：

[[[自动注册扩展缓存完成]]]
[2021/11/09 17:52:15.9277]
[线程：1]
注册总用时：3.47ms
自动扫描程序集：0个
扩展缓存：

[[[自动注册扩展缓存完成]]]
[2021/11/09 18:39:56.2506]
[线程：1]
注册总用时：2.3651ms
自动扫描程序集：0个
扩展缓存：

[[[自动注册扩展缓存完成]]]
[2021/11/09 18:40:08.7548]
[线程：1]
注册总用时：2.1544ms
自动扫描程序集：0个
扩展缓存：

[[[自动注册扩展缓存完成]]]
[2021/11/09 18:40:21.0146]
[线程：1]
注册总用时：2.1117ms
自动扫描程序集：0个
扩展缓存：

[[[自动注册扩展缓存完成]]]
[2021/11/09 18:47:31.9561]
[线程：1]
注册总用时：2.4471ms
自动扫描程序集：0个
扩展缓存：

[[[自动注册扩展缓存完成]]]
[2021/11/09 18:47:44.3959]
[线程：1]
注册总用时：2.518ms
自动扫描程序集：0个
扩展缓存：

[[[自动注册扩展缓存完成]]]
[2021/11/09 18:47:55.6519]
[线程：1]
注册总用时：2.06ms
自动扫描程序集：0个
扩展缓存：

[[[自动注册扩展缓存完成]]]
[2021/11/09 18:50:38.9191]
[线程：1]
注册总用时：2.4693ms
自动扫描程序集：0个
扩展缓存：

[[[自动注册扩展缓存完成]]]
[2021/11/09 18:50:51.6807]
[线程：1]
注册总用时：2.8492ms
自动扫描程序集：0个
扩展缓存：

[[[自动注册扩展缓存完成]]]
[2021/11/09 18:51:03.3017]
[线程：1]
注册总用时：2.268ms
自动扫描程序集：0个
扩展缓存：

[[[自动注册扩展缓存完成]]]
[2021/11/09 18:56:48.2729]
[线程：1]
注册总用时：6.5017ms
自动扫描程序集：0个
扩展缓存：

[[[自动注册扩展缓存完成]]]
[2021/11/09 18:57:06.9908]
[线程：1]
注册总用时：2.5368ms
自动扫描程序集：0个
扩展缓存：

[[[自动注册扩展缓存完成]]]
[2021/11/09 18:57:23.2969]
[线程：1]
注册总用时：2.6378ms
自动扫描程序集：0个
扩展缓存：

[[[自动注册扩展缓存完成]]]
[2021/11/09 19:00:38.5097]
[线程：1]
注册总用时：2.5139ms
自动扫描程序集：0个
扩展缓存：

[[[自动注册扩展缓存完成]]]
[2021/11/09 19:00:51.3316]
[线程：1]
注册总用时：1.9337ms
自动扫描程序集：0个
扩展缓存：

[[[自动注册扩展缓存完成]]]
[2021/11/09 19:01:03.7561]
[线程：1]
注册总用时：2.0429ms
自动扫描程序集：0个
扩展缓存：

[[[自动注册扩展缓存完成]]]
[2021/11/09 19:15:05.3708]
[线程：1]
注册总用时：5.3645ms
自动扫描程序集：0个
扩展缓存：

[[[自动注册扩展缓存完成]]]
[2021/11/09 19:15:59.9938]
[线程：1]
注册总用时：8.4393ms
自动扫描程序集：0个
扩展缓存：

[[[自动注册扩展缓存完成]]]
[2021/11/09 19:16:53.4121]
[线程：1]
注册总用时：4.1218ms
自动扫描程序集：0个
扩展缓存：

