[[[自动注册扩展缓存完成]]]
[2021/11/28 15:58:43.3953]
[线程：1]
注册总用时：3.1595ms
自动扫描程序集：0个
扩展缓存：

[[[自动注册扩展缓存完成]]]
[2021/11/28 15:58:54.5697]
[线程：1]
注册总用时：3.334ms
自动扫描程序集：0个
扩展缓存：

[[[自动注册扩展缓存完成]]]
[2021/11/28 16:01:33.0625]
[线程：1]
注册总用时：1.9345ms
自动扫描程序集：0个
扩展缓存：

[[[自动注册扩展缓存完成]]]
[2021/11/28 16:03:51.2578]
[线程：1]
注册总用时：2.8458ms
自动扫描程序集：0个
扩展缓存：

[[[自动注册扩展缓存完成]]]
[2021/11/28 16:04:00.8219]
[线程：1]
注册总用时：2.3447ms
自动扫描程序集：0个
扩展缓存：

[[[自动注册扩展缓存完成]]]
[2021/11/28 16:08:43.9754]
[线程：1]
注册总用时：2.2178ms
自动扫描程序集：0个
扩展缓存：

[[[自动注册扩展缓存完成]]]
[2021/11/28 16:08:56.3276]
[线程：1]
注册总用时：1.8951ms
自动扫描程序集：0个
扩展缓存：

[[[自动注册扩展缓存完成]]]
[2021/11/28 16:54:37.8886]
[线程：1]
注册总用时：2.2895ms
自动扫描程序集：0个
扩展缓存：

[[[自动注册扩展缓存完成]]]
[2021/11/28 16:54:49.4093]
[线程：1]
注册总用时：1.9455ms
自动扫描程序集：0个
扩展缓存：

[[[自动注册扩展缓存完成]]]
[2021/11/28 16:55:02.8453]
[线程：1]
注册总用时：2.9583ms
自动扫描程序集：0个
扩展缓存：

[[[自动注册扩展缓存完成]]]
[2021/11/28 16:57:25.4658]
[线程：1]
注册总用时：2.0864ms
自动扫描程序集：0个
扩展缓存：

